<?xml version="1.0" encoding="UTF-8"?>
<testng-results ignored="0" total="5" passed="5" failed="0" skipped="0">
  <reporter-output>
  </reporter-output>
  <suite started-at="2024-02-17T20:49:49 IST" name="Default suite" finished-at="2024-02-17T20:49:50 IST" duration-ms="1248">
    <groups>
    </groups>
    <test started-at="2024-02-17T20:49:49 IST" name="Default test" finished-at="2024-02-17T20:49:50 IST" duration-ms="1248">
      <class name="HTTPMethods.LocalHttpMethods">
        <test-method signature="getMethod()[pri:1, instance:HTTPMethods.LocalHttpMethods@28eaa59a]" started-at="2024-02-17T20:49:49 IST" name="getMethod" finished-at="2024-02-17T20:49:50 IST" duration-ms="1017" status="PASS">
          <reporter-output>
          </reporter-output>
        </test-method> <!-- getMethod -->
        <test-method signature="PostMethod()[pri:2, instance:HTTPMethods.LocalHttpMethods@28eaa59a]" started-at="2024-02-17T20:49:50 IST" name="PostMethod" finished-at="2024-02-17T20:49:50 IST" duration-ms="57" status="PASS">
          <reporter-output>
          </reporter-output>
        </test-method> <!-- PostMethod -->
        <test-method signature="PutMethod()[pri:3, instance:HTTPMethods.LocalHttpMethods@28eaa59a]" started-at="2024-02-17T20:49:50 IST" name="PutMethod" finished-at="2024-02-17T20:49:50 IST" duration-ms="45" status="PASS">
          <reporter-output>
          </reporter-output>
        </test-method> <!-- PutMethod -->
        <test-method signature="PatchMethod()[pri:4, instance:HTTPMethods.LocalHttpMethods@28eaa59a]" started-at="2024-02-17T20:49:50 IST" name="PatchMethod" finished-at="2024-02-17T20:49:50 IST" duration-ms="59" status="PASS">
          <reporter-output>
          </reporter-output>
        </test-method> <!-- PatchMethod -->
        <test-method signature="DeleteMethod()[pri:5, instance:HTTPMethods.LocalHttpMethods@28eaa59a]" started-at="2024-02-17T20:49:50 IST" name="DeleteMethod" finished-at="2024-02-17T20:49:50 IST" duration-ms="27" status="PASS">
          <reporter-output>
          </reporter-output>
        </test-method> <!-- DeleteMethod -->
      </class> <!-- HTTPMethods.LocalHttpMethods -->
    </test> <!-- Default test -->
  </suite> <!-- Default suite -->
</testng-results>
