<?xml version="1.0" encoding="UTF-8"?>
<!-- Generated by org.testng.reporters.JUnitXMLReporter -->
<testsuite ignored="0" hostname="Adi-Lapi1987" failures="0" tests="5" name="Default test" time="1.248" errors="0" timestamp="2024-02-17T20:49:50 IST">
  <testcase classname="HTTPMethods.LocalHttpMethods" name="getMethod" time="1.017"/>
  <testcase classname="HTTPMethods.LocalHttpMethods" name="PostMethod" time="0.057"/>
  <testcase classname="HTTPMethods.LocalHttpMethods" name="PutMethod" time="0.045"/>
  <testcase classname="HTTPMethods.LocalHttpMethods" name="PatchMethod" time="0.059"/>
  <testcase classname="HTTPMethods.LocalHttpMethods" name="DeleteMethod" time="0.027"/>
</testsuite> <!-- Default test -->
